TN:
SF:/home/eetuh/projects/stonot/backend/app.js
FN:18,(anonymous_0)
FN:21,(anonymous_1)
FNF:2
FNH:1
FNDA:2,(anonymous_0)
FNDA:0,(anonymous_1)
DA:1,2
DA:2,2
DA:3,2
DA:4,2
DA:5,2
DA:6,2
DA:7,2
DA:8,2
DA:9,2
DA:11,0
DA:13,2
DA:14,2
DA:15,2
DA:17,2
DA:19,2
DA:22,0
DA:25,2
DA:26,2
DA:27,2
DA:28,2
DA:30,2
LF:21
LH:19
BRDA:8,0,0,2
BRDA:8,0,1,0
BRF:2
BRH:1
end_of_record
TN:
SF:/home/eetuh/projects/stonot/backend/controllers/login.js
FN:7,(anonymous_0)
FNF:1
FNH:1
FNDA:3,(anonymous_0)
DA:1,2
DA:2,2
DA:3,2
DA:4,2
DA:7,2
DA:8,3
DA:10,3
DA:13,3
DA:17,3
DA:19,2
DA:23,1
DA:28,1
DA:31,1
DA:36,2
LF:14
LH:14
BRDA:13,0,0,1
BRDA:13,0,1,2
BRDA:17,1,0,2
BRDA:17,1,1,1
BRDA:17,2,0,3
BRDA:17,2,1,2
BRF:6
BRH:6
end_of_record
TN:
SF:/home/eetuh/projects/stonot/backend/controllers/users.js
FN:6,(anonymous_0)
FNF:1
FNH:1
FNDA:10,(anonymous_0)
DA:1,2
DA:2,2
DA:3,2
DA:6,2
DA:7,10
DA:8,10
DA:10,10
DA:11,6
DA:14,6
DA:21,6
DA:22,4
DA:24,3
DA:27,3
DA:33,2
LF:14
LH:14
BRDA:10,0,0,6
BRDA:10,0,1,3
BRF:2
BRH:2
end_of_record
TN:
SF:/home/eetuh/projects/stonot/backend/models/user.js
FN:34,(anonymous_0)
FNF:1
FNH:1
FNDA:4,(anonymous_0)
DA:1,2
DA:2,2
DA:4,2
DA:28,2
DA:33,2
DA:35,4
DA:36,4
DA:37,4
DA:38,4
DA:42,2
DA:44,2
LF:11
LH:11
BRF:0
BRH:0
end_of_record
TN:
SF:/home/eetuh/projects/stonot/backend/utils/config.js
FNF:0
FNH:0
DA:1,2
DA:2,2
DA:3,2
DA:4,2
DA:6,0
DA:9,2
DA:12,2
LF:7
LH:6
BRDA:3,0,0,2
BRDA:3,0,1,0
BRF:2
BRH:1
end_of_record
