{"/home/eetuh/projects/stonot/backend/app.js": {"path":"/home/eetuh/projects/stonot/backend/app.js","statementMap":{"0":{"start":{"line":1,"column":16},"end":{"line":1,"column":34}},"1":{"start":{"line":2,"column":12},"end":{"line":2,"column":21}},"2":{"start":{"line":3,"column":19},"end":{"line":3,"column":41}},"3":{"start":{"line":4,"column":13},"end":{"line":4,"column":28}},"4":{"start":{"line":5,"column":17},"end":{"line":5,"column":36}},"5":{"start":{"line":6,"column":0},"end":{"line":6,"column":27}},"6":{"start":{"line":7,"column":15},"end":{"line":7,"column":17}},"7":{"start":{"line":8,"column":0},"end":{"line":12,"column":1}},"8":{"start":{"line":9,"column":4},"end":{"line":9,"column":44}},"9":{"start":{"line":11,"column":4},"end":{"line":11,"column":39}},"10":{"start":{"line":13,"column":15},"end":{"line":13,"column":40}},"11":{"start":{"line":14,"column":20},"end":{"line":14,"column":50}},"12":{"start":{"line":15,"column":20},"end":{"line":15,"column":50}},"13":{"start":{"line":17,"column":0},"end":{"line":23,"column":6}},"14":{"start":{"line":19,"column":8},"end":{"line":19,"column":44}},"15":{"start":{"line":22,"column":8},"end":{"line":22,"column":25}},"16":{"start":{"line":25,"column":0},"end":{"line":25,"column":16}},"17":{"start":{"line":26,"column":0},"end":{"line":26,"column":27}},"18":{"start":{"line":27,"column":0},"end":{"line":27,"column":36}},"19":{"start":{"line":28,"column":0},"end":{"line":28,"column":36}},"20":{"start":{"line":30,"column":0},"end":{"line":30,"column":21}}},"fnMap":{"0":{"name":"(anonymous_0)","decl":{"start":{"line":18,"column":10},"end":{"line":18,"column":11}},"loc":{"start":{"line":18,"column":16},"end":{"line":20,"column":5}},"line":18},"1":{"name":"(anonymous_1)","decl":{"start":{"line":21,"column":11},"end":{"line":21,"column":12}},"loc":{"start":{"line":21,"column":16},"end":{"line":23,"column":5}},"line":21}},"branchMap":{"0":{"loc":{"start":{"line":8,"column":0},"end":{"line":12,"column":1}},"type":"if","locations":[{"start":{"line":8,"column":0},"end":{"line":12,"column":1}},{"start":{"line":8,"column":0},"end":{"line":12,"column":1}}],"line":8}},"s":{"0":2,"1":2,"2":2,"3":2,"4":2,"5":2,"6":2,"7":2,"8":2,"9":0,"10":2,"11":2,"12":2,"13":2,"14":2,"15":0,"16":2,"17":2,"18":2,"19":2,"20":2},"f":{"0":2,"1":0},"b":{"0":[2,0]},"_coverageSchema":"43e27e138ebf9cfc5966b082cf9a028302ed4184","hash":"2d41a0ee7308ad1b0d256059d5b1fbeefc65a9c8"}
,"/home/eetuh/projects/stonot/backend/controllers/login.js": {"path":"/home/eetuh/projects/stonot/backend/controllers/login.js","statementMap":{"0":{"start":{"line":1,"column":12},"end":{"line":1,"column":35}},"1":{"start":{"line":2,"column":15},"end":{"line":2,"column":32}},"2":{"start":{"line":3,"column":20},"end":{"line":3,"column":47}},"3":{"start":{"line":4,"column":13},"end":{"line":4,"column":38}},"4":{"start":{"line":7,"column":0},"end":{"line":34,"column":2}},"5":{"start":{"line":8,"column":17},"end":{"line":8,"column":25}},"6":{"start":{"line":10,"column":17},"end":{"line":10,"column":64}},"7":{"start":{"line":13,"column":27},"end":{"line":15,"column":64}},"8":{"start":{"line":17,"column":4},"end":{"line":20,"column":5}},"9":{"start":{"line":19,"column":8},"end":{"line":19,"column":85}},"10":{"start":{"line":23,"column":25},"end":{"line":26,"column":5}},"11":{"start":{"line":28,"column":18},"end":{"line":28,"column":60}},"12":{"start":{"line":31,"column":4},"end":{"line":33,"column":67}},"13":{"start":{"line":36,"column":0},"end":{"line":36,"column":29}}},"fnMap":{"0":{"name":"(anonymous_0)","decl":{"start":{"line":7,"column":22},"end":{"line":7,"column":23}},"loc":{"start":{"line":7,"column":42},"end":{"line":34,"column":1}},"line":7}},"branchMap":{"0":{"loc":{"start":{"line":13,"column":27},"end":{"line":15,"column":64}},"type":"cond-expr","locations":[{"start":{"line":14,"column":10},"end":{"line":14,"column":15}},{"start":{"line":15,"column":10},"end":{"line":15,"column":64}}],"line":13},"1":{"loc":{"start":{"line":17,"column":4},"end":{"line":20,"column":5}},"type":"if","locations":[{"start":{"line":17,"column":4},"end":{"line":20,"column":5}},{"start":{"line":17,"column":4},"end":{"line":20,"column":5}}],"line":17},"2":{"loc":{"start":{"line":17,"column":10},"end":{"line":17,"column":32}},"type":"binary-expr","locations":[{"start":{"line":17,"column":10},"end":{"line":17,"column":14}},{"start":{"line":17,"column":18},"end":{"line":17,"column":32}}],"line":17}},"s":{"0":2,"1":2,"2":2,"3":2,"4":2,"5":3,"6":3,"7":3,"8":3,"9":2,"10":1,"11":1,"12":1,"13":2},"f":{"0":3},"b":{"0":[1,2],"1":[2,1],"2":[3,2]},"_coverageSchema":"43e27e138ebf9cfc5966b082cf9a028302ed4184","hash":"857e9e86e098d413ba85ffe3c884c4be5e026113"}
,"/home/eetuh/projects/stonot/backend/controllers/users.js": {"path":"/home/eetuh/projects/stonot/backend/controllers/users.js","statementMap":{"0":{"start":{"line":1,"column":15},"end":{"line":1,"column":32}},"1":{"start":{"line":2,"column":20},"end":{"line":2,"column":47}},"2":{"start":{"line":3,"column":13},"end":{"line":3,"column":38}},"3":{"start":{"line":6,"column":0},"end":{"line":29,"column":3}},"4":{"start":{"line":7,"column":4},"end":{"line":28,"column":5}},"5":{"start":{"line":8,"column":21},"end":{"line":8,"column":29}},"6":{"start":{"line":10,"column":8},"end":{"line":25,"column":9}},"7":{"start":{"line":11,"column":33},"end":{"line":11,"column":69}},"8":{"start":{"line":14,"column":25},"end":{"line":18,"column":14}},"9":{"start":{"line":21,"column":30},"end":{"line":21,"column":47}},"10":{"start":{"line":22,"column":12},"end":{"line":22,"column":41}},"11":{"start":{"line":24,"column":12},"end":{"line":24,"column":89}},"12":{"start":{"line":27,"column":8},"end":{"line":27,"column":16}},"13":{"start":{"line":33,"column":0},"end":{"line":33,"column":29}}},"fnMap":{"0":{"name":"(anonymous_0)","decl":{"start":{"line":6,"column":22},"end":{"line":6,"column":23}},"loc":{"start":{"line":6,"column":48},"end":{"line":29,"column":1}},"line":6}},"branchMap":{"0":{"loc":{"start":{"line":10,"column":8},"end":{"line":25,"column":9}},"type":"if","locations":[{"start":{"line":10,"column":8},"end":{"line":25,"column":9}},{"start":{"line":10,"column":8},"end":{"line":25,"column":9}}],"line":10}},"s":{"0":2,"1":2,"2":2,"3":2,"4":10,"5":10,"6":10,"7":6,"8":6,"9":6,"10":4,"11":3,"12":3,"13":2},"f":{"0":10},"b":{"0":[6,3]},"_coverageSchema":"43e27e138ebf9cfc5966b082cf9a028302ed4184","hash":"8953ed45f4f45017dae4f89e54c9f95f9239a818"}
,"/home/eetuh/projects/stonot/backend/models/user.js": {"path":"/home/eetuh/projects/stonot/backend/models/user.js","statementMap":{"0":{"start":{"line":1,"column":17},"end":{"line":1,"column":36}},"1":{"start":{"line":2,"column":24},"end":{"line":2,"column":60}},"2":{"start":{"line":4,"column":19},"end":{"line":26,"column":2}},"3":{"start":{"line":28,"column":0},"end":{"line":28,"column":35}},"4":{"start":{"line":33,"column":0},"end":{"line":40,"column":2}},"5":{"start":{"line":35,"column":8},"end":{"line":35,"column":57}},"6":{"start":{"line":36,"column":8},"end":{"line":36,"column":33}},"7":{"start":{"line":37,"column":8},"end":{"line":37,"column":32}},"8":{"start":{"line":38,"column":8},"end":{"line":38,"column":42}},"9":{"start":{"line":42,"column":13},"end":{"line":42,"column":47}},"10":{"start":{"line":44,"column":0},"end":{"line":44,"column":22}}},"fnMap":{"0":{"name":"(anonymous_0)","decl":{"start":{"line":34,"column":15},"end":{"line":34,"column":16}},"loc":{"start":{"line":34,"column":45},"end":{"line":39,"column":5}},"line":34}},"branchMap":{},"s":{"0":2,"1":2,"2":2,"3":2,"4":2,"5":4,"6":4,"7":4,"8":4,"9":2,"10":2},"f":{"0":4},"b":{},"_coverageSchema":"43e27e138ebf9cfc5966b082cf9a028302ed4184","hash":"26f8f206e7470ba0ae35411a01d2f39426e58d30"}
,"/home/eetuh/projects/stonot/backend/utils/config.js": {"path":"/home/eetuh/projects/stonot/backend/utils/config.js","statementMap":{"0":{"start":{"line":1,"column":0},"end":{"line":1,"column":27}},"1":{"start":{"line":2,"column":18},"end":{"line":2,"column":20}},"2":{"start":{"line":3,"column":0},"end":{"line":7,"column":1}},"3":{"start":{"line":4,"column":4},"end":{"line":4,"column":47}},"4":{"start":{"line":6,"column":4},"end":{"line":6,"column":41}},"5":{"start":{"line":9,"column":11},"end":{"line":9,"column":27}},"6":{"start":{"line":12,"column":0},"end":{"line":15,"column":1}}},"fnMap":{},"branchMap":{"0":{"loc":{"start":{"line":3,"column":0},"end":{"line":7,"column":1}},"type":"if","locations":[{"start":{"line":3,"column":0},"end":{"line":7,"column":1}},{"start":{"line":3,"column":0},"end":{"line":7,"column":1}}],"line":3}},"s":{"0":2,"1":2,"2":2,"3":2,"4":0,"5":2,"6":2},"f":{},"b":{"0":[2,0]},"_coverageSchema":"43e27e138ebf9cfc5966b082cf9a028302ed4184","hash":"5f7309dc9d496829954e660472046a00b0a16538"}
}
